2025-04-22 10:37:50,033 - INFO - Analyse durchgeführt für 1 Dateien. Zeilen: 0, Wörter: 0, Zeichen: 0, Bytes: 0
2025-04-22 10:38:41,404 - INFO - Textoperation durchgeführt: remove_whitespace + word_count
2025-04-22 10:40:04,032 - INFO - Analyse durchgeführt für 1 Dateien. Zeilen: 0, Wörter: 0, Zeichen: 0, Bytes: 0
2025-04-22 10:42:12,723 - INFO - Textoperation durchgeführt: remove_whitespace + word_count
2025-04-22 11:00:44,386 - INFO - Analyse durchgeführt für 1 Dateien. Zeilen: 0, Wörter: 0, Zeichen: 0, Bytes: 0
2025-04-22 11:18:34,355 - INFO - Analyse durchgeführt für 1 Dateien. Zeilen: 0, Wörter: 0, Zeichen: 0, Bytes: 0
2025-04-22 11:56:15,458 - INFO - Analyse durchgeführt für 1 Dateien. Zeilen: 0, Wörter: 0, Zeichen: 0, Bytes: 0
2025-04-22 12:08:20,365 - INFO - Analyse durchgeführt für 1 Dateien. Zeilen: 0, Wörter: 0, Zeichen: 0, Bytes: 0
2025-04-22 12:10:47,642 - INFO - Analyse durchgeführt für 1 Dateien. Zeilen: 0, Wörter: 0, Zeichen: 0, Bytes: 0
2025-04-22 12:20:48,252 - INFO - Analyse durchgeführt für 1 Dateien. Zeilen: 0, Wörter: 0, Zeichen: 0, Bytes: 0
2025-04-22 12:21:23,107 - INFO - Analyse durchgeführt für 1 Dateien. Zeilen: 0, Wörter: 0, Zeichen: 0, Bytes: 0
2025-04-22 12:22:38,895 - INFO - Analyse durchgeführt für 1 Dateien. Zeilen: 0, Wörter: 0, Zeichen: 0, Bytes: 0
2025-04-22 12:24:48,885 - INFO - Analyse durchgeführt für 1 Dateien. Zeilen: 0, Wörter: 0, Zeichen: 0, Bytes: 0
2025-04-22 12:25:34,027 - INFO - Analyse durchgeführt für 1 Dateien. Zeilen: 0, Wörter: 0, Zeichen: 0, Bytes: 0
2025-04-22 12:28:08,988 - INFO - Analyse durchgeführt für 1 Dateien. Zeilen: 0, Wörter: 0, Zeichen: 0, Bytes: 0
2025-04-22 12:29:01,450 - INFO - Analyse durchgeführt für 1 Dateien. Zeilen: 0, Wörter: 0, Zeichen: 0, Bytes: 0
2025-04-22 17:05:29,596 - INFO - Analyse durchgeführt für 1 Dateien. Zeilen: 4, Wörter: 9, Zeichen: 44, Bytes: 47
2025-04-22 17:10:52,077 - INFO - Analyse durchgeführt für 6 Dateien. Zeilen: 73, Wörter: 241, Zeichen: 1768, Bytes: 1905
2025-04-23 08:58:55,202 - INFO - Analyse durchgeführt für 6 Dateien. Zeilen: 73, Wörter: 241, Zeichen: 1768, Bytes: 1905
2025-04-23 09:13:28,333 - INFO - Analyse durchgeführt für 6 Dateien. Zeilen: 73, Wörter: 241, Zeichen: 1768, Bytes: 1905
2025-04-23 09:18:05,572 - ERROR - ❌ Verzeichnis nicht gefunden: C:UsersjuergDocumentsTesla_Projectlog_parser_toolfile_analyzertestdata
2025-04-23 09:21:58,836 - INFO - Analyse durchgeführt für 5 Dateien. Zeilen: 69, Wörter: 232, Zeichen: 1724, Bytes: 1858
2025-04-23 09:43:43,657 - INFO - Textoperation durchgeführt: remove_whitespace + word_count
2025-04-23 09:57:37,329 - INFO - Textoperation durchgeführt: remove_whitespace + word_count
2025-04-23 09:58:07,448 - INFO - Textoperation durchgeführt: remove_whitespace + word_count
2025-04-23 10:57:05,416 - INFO - Analyse durchgeführt für 6 Dateien. Zeilen: 73, Wörter: 241, Zeichen: 1768, Bytes: 1905
2025-04-23 11:01:28,366 - INFO - Analyse durchgeführt für 6 Dateien. Zeilen: 73, Wörter: 241, Zeichen: 1768, Bytes: 1905
2025-04-24 13:09:35,076 - INFO - Analyse durchgeführt für 6 Dateien. Zeilen: 73, Wörter: 241, Zeichen: 1768, Bytes: 1905
2025-04-24 13:27:29,094 - INFO - Analyse durchgeführt für 6 Dateien. Zeilen: 73, Wörter: 241, Zeichen: 1768, Bytes: 1905
2025-04-24 13:46:34,087 - INFO - Analyse durchgeführt für 6 Dateien. Zeilen: 73, Wörter: 241, Zeichen: 1768, Bytes: 1905
2025-04-24 14:28:48,170 - INFO - Analyse durchgeführt für 6 Dateien. Zeilen: 73, Wörter: 241, Zeichen: 1768, Bytes: 1905
2025-04-24 15:05:05,636 - INFO - Analyse durchgeführt für 6 Dateien. Zeilen: 73, Wörter: 241, Zeichen: 1768, Bytes: 1905
2025-04-24 15:06:11,410 - INFO - Analyse durchgeführt für 6 Dateien. Zeilen: 73, Wörter: 241, Zeichen: 1768, Bytes: 1905
2025-04-24 15:49:34,235 - INFO - Analyse durchgeführt für 6 Dateien. Zeilen: 73, Wörter: 241, Zeichen: 1768, Bytes: 1905
2025-04-24 15:49:52,587 - WARNING - Matplotlib is building the font cache; this may take a moment.
2025-04-24 15:49:58,650 - INFO - generated new fontManager
